0.9763343334197998 0.8086423277854919
0.7785764336585999 0.7642709612846375
0.7510039806365967 0.7481082081794739
0.7384416460990906 0.7378093004226685
0.7921435832977295 0.748445451259613
0.735905110836029 0.7331816554069519
0.7250264286994934 0.7258515357971191
0.7190859913825989 0.7221817970275879
0.714576244354248 0.7180341482162476
0.711763322353363 0.7162081599235535
0.7091320157051086 0.711733877658844
0.7077587246894836 0.7129947543144226
0.7056186199188232 0.711237370967865
0.7043485045433044 0.70878005027771
0.703711986541748 0.7070893049240112
0.7021952867507935 0.7051171660423279
0.7010806798934937 0.7065756916999817
0.7000028491020203 0.7051329016685486
0.6989228129386902 0.704798698425293
0.6978175640106201 0.7028069496154785
0.6971176862716675 0.7010299563407898
0.6966899037361145 0.7003927230834961
0.6960459351539612 0.6997047662734985
0.6952672600746155 0.7011945843696594
0.6946576833724976 0.6984080672264099
0.6943029761314392 0.7000285387039185
0.6939898729324341 0.6981467604637146
0.6935951113700867 0.697852611541748
0.6933054327964783 0.7011473774909973
0.693193793296814 0.6983444690704346
