1.3420919179916382 1.1471127271652222
1.0776664018630981 1.01975417137146
0.9696789383888245 0.9305301904678345
0.900276780128479 0.8819207549095154
0.8649612069129944 0.8574267625808716
0.8454423546791077 0.8420696258544922
0.8313252329826355 0.829529345035553
0.8204486966133118 0.8202809691429138
0.8119303584098816 0.8127560019493103
0.8050664067268372 0.806526243686676
0.7992902398109436 0.8016231060028076
0.7944292426109314 0.7969006896018982
0.790092945098877 0.792937695980072
0.7863526940345764 0.7895719408988953
0.7830060124397278 0.7866037487983704
0.7799422740936279 0.7836434245109558
0.7771514058113098 0.7811909914016724
0.7745323181152344 0.7785642743110657
0.7721512913703918 0.7765371799468994
0.7697614431381226 0.7742268443107605
