0.6440296769142151 0.9877939820289612
0.572763979434967 0.9173967838287354
0.49664655327796936 0.8048260807991028
0.41893404722213745 0.6837485432624817
0.3428928256034851 0.5553547143936157
0.280085027217865 0.4619443714618683
0.23611567914485931 0.39041438698768616
0.20972026884555817 0.3544788658618927
0.18857775628566742 0.319940984249115
0.1726870983839035 0.29505717754364014
0.16374628245830536 0.28194448351860046
0.1584610939025879 0.2810622751712799
0.1542626917362213 0.28153693675994873
0.15155252814292908 0.27638551592826843
0.1492689549922943 0.27474361658096313
0.14770527184009552 0.2721390724182129
0.1462537795305252 0.27171093225479126
0.14521388709545135 0.2767676115036011
0.14423179626464844 0.27275627851486206
0.14344507455825806 0.2700054347515106
0.14254355430603027 0.278533011674881
0.14216552674770355 0.2699154019355774
0.14113347232341766 0.2632112205028534
0.14042845368385315 0.26055169105529785
0.13977979123592377 0.27032485604286194
0.1389501988887787 0.26290470361709595
0.13807861506938934 0.2652219235897064
0.1373165398836136 0.2654588222503662
0.13670755922794342 0.26225489377975464
0.13611555099487305 0.25434955954551697
