1.9909887313842773 0.8713599443435669
0.6560757160186768 0.7767611145973206
0.5913346409797668 0.7180590629577637
0.5481652021408081 0.6716826558113098
0.5131937861442566 0.6359084844589233
0.4848347306251526 0.6043611764907837
0.4590781331062317 0.5764554738998413
0.4368791878223419 0.5530625581741333
0.41728827357292175 0.5339195132255554
0.40002667903900146 0.5169773697853088
0.38467809557914734 0.5023576021194458
0.3709571063518524 0.4892984628677368
0.3587355613708496 0.4780674874782562
0.34792473912239075 0.46772655844688416
0.33837154507637024 0.4590906500816345
0.3298580050468445 0.4512827396392822
0.32233983278274536 0.4436042308807373
0.3156625032424927 0.4360697269439697
0.30979207158088684 0.42942458391189575
0.30470508337020874 0.4239821434020996
0.30043092370033264 0.4191150367259979
0.2967991530895233 0.41412192583084106
0.2934113144874573 0.4082863926887512
0.29020383954048157 0.40307068824768066
0.28718748688697815 0.3979586362838745
0.2843020558357239 0.3941350281238556
0.2815708518028259 0.3875904679298401
0.2789263427257538 0.3819553256034851
0.2764478027820587 0.37705257534980774
0.2741111218929291 0.37324202060699463
