1.244614839553833 0.7152135968208313
0.3347220718860626 0.4233095645904541
0.237900048494339 0.3625807762145996
0.20393957197666168 0.33080726861953735
0.18415652215480804 0.3113963305950165
0.17084729671478271 0.285696804523468
0.1613490879535675 0.2723071575164795
0.15451020002365112 0.26624637842178345
0.1492389291524887 0.25935548543930054
0.14595483243465424 0.2643103003501892
0.14354562759399414 0.2612968385219574
0.1417672336101532 0.26074913144111633
0.14024321734905243 0.2599168121814728
0.14254051446914673 0.2602401673793793
0.1401284635066986 0.25932493805885315
0.13753989338874817 0.2557620704174042
0.13603052496910095 0.255758672952652
0.13492099940776825 0.24591326713562012
0.13406343758106232 0.26322877407073975
0.1331879198551178 0.25400784611701965
0.13224759697914124 0.2496817260980606
0.13147397339344025 0.24735629558563232
0.13078124821186066 0.23627068102359772
0.13004297018051147 0.23897187411785126
0.12932220101356506 0.2459733933210373
0.12859632074832916 0.24163810908794403
0.12788283824920654 0.24121099710464478
0.12706561386585236 0.2609236240386963
0.12632712721824646 0.23566219210624695
0.12541760504245758 0.23527884483337402
